<?xml version="1.0" encoding="UTF-8"?>
<testng-results ignored="0" total="1" passed="1" failed="0" skipped="0">
  <reporter-output>
  </reporter-output>
  <suite started-at="2021-03-12T13:04:15 IST" name="Default suite" finished-at="2021-03-12T13:04:25 IST" duration-ms="9860">
    <groups>
    </groups>
    <test started-at="2021-03-12T13:04:15 IST" name="Default test" finished-at="2021-03-12T13:04:25 IST" duration-ms="9860">
      <class name="practice.SimpleGetTest">
        <test-method signature="GetWeatherDetails()[pri:0, instance:practice.SimpleGetTest@fd07cbb]" started-at="2021-03-12T13:04:15 IST" name="GetWeatherDetails" finished-at="2021-03-12T13:04:24 IST" duration-ms="9800" status="PASS">
          <reporter-output>
          </reporter-output>
        </test-method> <!-- GetWeatherDetails -->
      </class> <!-- practice.SimpleGetTest -->
    </test> <!-- Default test -->
  </suite> <!-- Default suite -->
</testng-results>
